#
# There is insufficient memory for the Java Runtime Environment to continue.
# Native memory allocation (malloc) failed to allocate 723024 bytes for Chunk::new
# Possible reasons:
#   The system is out of physical RAM or swap space
#   The process is running with CompressedOops enabled, and the Java Heap may be blocking the growth of the native heap
# Possible solutions:
#   Reduce memory load on the system
#   Increase physical memory or swap space
#   Check if swap backing store is full
#   Decrease Java heap size (-Xmx/-Xms)
#   Decrease number of Java threads
#   Decrease Java thread stack sizes (-Xss)
#   Set larger code cache with -XX:ReservedCodeCacheSize=
#   JVM is running with Zero Based Compressed Oops mode in which the Java heap is
#     placed in the first 32GB address space. The Java Heap base address is the
#     maximum limit for the native heap growth. Please use -XX:HeapBaseMinAddress
#     to set the Java Heap base and to place the Java Heap above 32GB virtual address.
# This output file may be truncated or incomplete.
#
#  Out of Memory Error (arena.cpp:189), pid=3496, tid=17244
#
# JRE version: Java(TM) SE Runtime Environment (17.0.12+8) (build 17.0.12+8-LTS-286)
# Java VM: Java HotSpot(TM) 64-Bit Server VM (17.0.12+8-LTS-286, mixed mode, sharing, tiered, compressed oops, compressed class ptrs, g1 gc, windows-amd64)
# No core dump will be written. Minidumps are not enabled by default on client versions of Windows
#

---------------  S U M M A R Y ------------

Command Line: -Dserver.port=9083 -javaagent:C:\Program Files\JetBrains\IntelliJ IDEA 2025.2.2\lib\idea_rt.jar=51591 -Dfile.encoding=UTF-8 com.example.productcompositeservice.ProductCompositeServiceApplication

Host: 11th Gen Intel(R) Core(TM) i5-1145G7 @ 2.60GHz, 8 cores, 15G,  Windows 11 , 64 bit Build 26100 (10.0.26100.6725)
Time: Mon Nov  3 15:37:18 2025 Maroc (heure d64 bit Build 26100 (10.0.26100.6725) elapsed time: 2.017479 seconds (0d 0h 0m 2s)

---------------  T H R E A D  ---------------

Current thread (0x000001e899c102c0):  JavaThread "C2 CompilerThread1" daemon [_thread_in_native, id=17244, stack(0x000000b728e00000,0x000000b728f00000)]


Current CompileTask:
C2:   2017 2516       4       java.io.WinNTFileSystem::normalize (143 bytes)

Stack: [0x000000b728e00000,0x000000b728f00000]
Native frames: (J=compiled Java code, j=interpreted, Vv=VM code, C=native code)
V  [jvm.dll+0x67a04a]
V  [jvm.dll+0x7da4ed]
V  [jvm.dll+0x7dbe33]
V  [jvm.dll+0x7dc4a3]
V  [jvm.dll+0x24508f]
V  [jvm.dll+0xab773]
V  [jvm.dll+0xabd3c]
V  [jvm.dll+0x361bee]
V  [jvm.dll+0x32c431]
V  [jvm.dll+0x32b8ca]
V  [jvm.dll+0x21683f]
V  [jvm.dll+0x215c6f]
V  [jvm.dll+0x1a2960]
V  [jvm.dll+0x22610b]
V  [jvm.dll+0x2242ab]
V  [jvm.dll+0x79075c]
V  [jvm.dll+0x78abea]
V  [jvm.dll+0x678f35]
C  [ucrtbase.dll+0x37b0]
C  [KERNEL32.DLL+0x2e8d7]
C  [ntdll.dll+0x8c53c]


---------------  P R O C E S S  ---------------

Threads class SMR info:
_java_thread_list=0x000001e89aeafcd0, length=15, elements={
0x000001e830216490, 0x000001e8535b3cd0, 0x000001e8535b5200, 0x000001e8537160c0,
0x000001e853716990, 0x000001e853717dd0, 0x000001e85371dd90, 0x000001e853721600,
0x000001e85372e130, 0x000001e85374ec20, 0x000001e85374f130, 0x000001e85374e200,
0x000001e85374e710, 0x000001e899c102c0, 0x000001e899cdbde0
}

Java Threads: ( => current thread )
  0x000001e830216490 JavaThread "main" [_thread_in_Java, id=14264, stack(0x000000b727d00000,0x000000b727e00000)]
  0x000001e8535b3cd0 JavaThread "Reference Handler" daemon [_thread_blocked, id=3396, stack(0x000000b728400000,0x000000b728500000)]
  0x000001e8535b5200 JavaThread "Finalizer" daemon [_thread_blocked, id=19296, stack(0x000000b728500000,0x000000b728600000)]
  0x000001e8537160c0 JavaThread "Signal Dispatcher" daemon [_thread_blocked, id=21620, stack(0x000000b728600000,0x000000b728700000)]
  0x000001e853716990 JavaThread "Attach Listener" daemon [_thread_blocked, id=27544, stack(0x000000b728700000,0x000000b728800000)]
  0x000001e853717dd0 JavaThread "Service Thread" daemon [_thread_blocked, id=18728, stack(0x000000b728800000,0x000000b728900000)]
  0x000001e85371dd90 JavaThread "Monitor Deflation Thread" daemon [_thread_blocked, id=21412, stack(0x000000b728900000,0x000000b728a00000)]
  0x000001e853721600 JavaThread "C2 CompilerThread0" daemon [_thread_in_native, id=31704, stack(0x000000b728a00000,0x000000b728b00000)]
  0x000001e85372e130 JavaThread "C1 CompilerThread0" daemon [_thread_blocked, id=10296, stack(0x000000b728b00000,0x000000b728c00000)]
  0x000001e85374ec20 JavaThread "Sweeper thread" daemon [_thread_blocked, id=10896, stack(0x000000b728c00000,0x000000b728d00000)]
  0x000001e85374f130 JavaThread "Common-Cleaner" daemon [_thread_blocked, id=18028, stack(0x000000b728d00000,0x000000b728e00000)]
  0x000001e85374e200 JavaThread "Monitor Ctrl-Break" daemon [_thread_in_native, id=2400, stack(0x000000b729000000,0x000000b729100000)]
  0x000001e85374e710 JavaThread "Notification Thread" daemon [_thread_blocked, id=29920, stack(0x000000b729100000,0x000000b729200000)]
=>0x000001e899c102c0 JavaThread "C2 CompilerThread1" daemon [_thread_in_native, id=17244, stack(0x000000b728e00000,0x000000b728f00000)]
  0x000001e899cdbde0 JavaThread "C2 CompilerThread2" daemon [_thread_in_native, id=19068, stack(0x000000b729800000,0x000000b729900000)]

Other Threads:
  0x000001e8535af7c0 VMThread "VM Thread" [stack: 0x000000b728300000,0x000000b728400000] [id=13164]
  0x000001e899277b40 WatcherThread [stack: 0x000000b729200000,0x000000b729300000] [id=4580]
  0x000001e830285470 GCTaskThread "GC Thread#0" [stack: 0x000000b727e00000,0x000000b727f00000] [id=19140]
  0x000001e8999a7d30 GCTaskThread "GC Thread#1" [stack: 0x000000b729300000,0x000000b729400000] [id=8500]
  0x000001e8999a7ff0 GCTaskThread "GC Thread#2" [stack: 0x000000b729400000,0x000000b729500000] [id=26344]
  0x000001e8999a82b0 GCTaskThread "GC Thread#3" [stack: 0x000000b729500000,0x000000b729600000] [id=28216]
  0x000001e899583880 GCTaskThread "GC Thread#4" [stack: 0x000000b729600000,0x000000b729700000] [id=16188]
  0x000001e899584760 GCTaskThread "GC Thread#5" [stack: 0x000000b729700000,0x000000b729800000] [id=20236]
  0x000001e89aacf190 GCTaskThread "GC Thread#6" [stack: 0x000000b729a00000,0x000000b729b00000] [id=19532]
  0x000001e89afcc010 GCTaskThread "GC Thread#7" [stack: 0x000000b729b00000,0x000000b729c00000] [id=17436]
  0x000001e830296030 ConcurrentGCThread "G1 Main Marker" [stack: 0x000000b727f00000,0x000000b728000000] [id=22508]
  0x000001e830298460 ConcurrentGCThread "G1 Conc#0" [stack: 0x000000b728000000,0x000000b728100000] [id=25528]
  0x000001e8534681d0 ConcurrentGCThread "G1 Refine#0" [stack: 0x000000b728100000,0x000000b728200000] [id=3728]
  0x000001e8534688b0 ConcurrentGCThread "G1 Service" [stack: 0x000000b728200000,0x000000b728300000] [id=27024]

Threads with active compile tasks:
C2 CompilerThread0     2043 2610       4       org.springframework.util.ConcurrentReferenceHashMap::get (37 bytes)
C1 CompilerThread0     2043 2623       3       org.springframework.core.type.classreading.MergedAnnotationReadingVisitor::<init> (40 bytes)
C2 CompilerThread1     2043 2516       4       java.io.WinNTFileSystem::normalize (143 bytes)
C2 CompilerThread2     2043 2466       4       org.springframework.boot.autoconfigure.AutoConfigurationSorter$AutoConfigurationClasses$$Lambda$492/0x000001e855280000::accept (20 bytes)

VM state: not at safepoint (normal execution)

VM Mutex/Monitor currently owned by a thread:  ([mutex/lock_event])
[0x000001e830213630] Compile_lock - owner thread: 0x0000000000000000

Heap address: 0x0000000704e00000, size: 4018 MB, Compressed Oops mode: Zero based, Oop shift amount: 3

CDS archive(s) mapped at: [0x000001e854000000-0x000001e854bd0000-0x000001e854bd0000), size 12386304, SharedBaseAddress: 0x000001e854000000, ArchiveRelocationMode: 1.
Compressed class space mapped at: 0x000001e855000000-0x000001e895000000, reserved size: 1073741824
Narrow klass base: 0x000001e854000000, Narrow klass shift: 0, Narrow klass range: 0x100000000

GC Precious Log:
 CPUs: 8 total, 8 available
 Memory: 16064M
 Large Page Support: Disabled
 NUMA Support: Disabled
 Compressed Oops: Enabled (Zero based)
 Heap Region Size: 2M
 Heap Min Capacity: 8M
 Heap Initial Capacity: 252M
 Heap Max Capacity: 4018M
 Pre-touch: Disabled
 Parallel Workers: 8
 Concurrent Workers: 2
 Concurrent Refinement Workers: 8
 Periodic GC: Disabled

Heap:
 garbage-first heap   total 258048K, used 45671K [0x0000000704e00000, 0x0000000800000000)
  region size 2048K, 21 young (43008K), 1 survivors (2048K)
 Metaspace       used 18674K, committed 19008K, reserved 1114112K
  class space    used 2328K, committed 2496K, reserved 1048576K

Heap Regions: E=young(eden), S=young(survivor), O=old, HS=humongous(starts), HC=humongous(continues), CS=collection set, F=free, OA=open archive, CA=closed archive, TAMS=top-at-mark-start (previous, next)
|   0|0x0000000704e00000, 0x0000000705000000, 0x0000000705000000|100%| O|  |TAMS 0x0000000704e00000, 0x0000000704e00000| Untracked 
|   1|0x0000000705000000, 0x0000000705200000, 0x0000000705200000|100%| O|  |TAMS 0x0000000705000000, 0x0000000705000000| Untracked 
|   2|0x0000000705200000, 0x0000000705400000, 0x0000000705400000|100%| O|  |TAMS 0x0000000705200000, 0x0000000705200000| Untracked 
|   3|0x0000000705400000, 0x00000007054c5200, 0x0000000705600000| 38%| O|  |TAMS 0x0000000705400000, 0x0000000705400000| Untracked 
|   4|0x0000000705600000, 0x0000000705600000, 0x0000000705800000|  0%| F|  |TAMS 0x0000000705600000, 0x0000000705600000| Untracked 
|   5|0x0000000705800000, 0x0000000705800000, 0x0000000705a00000|  0%| F|  |TAMS 0x0000000705800000, 0x0000000705800000| Untracked 
|   6|0x0000000705a00000, 0x0000000705a00000, 0x0000000705c00000|  0%| F|  |TAMS 0x0000000705a00000, 0x0000000705a00000| Untracked 
|   7|0x0000000705c00000, 0x0000000705c00000, 0x0000000705e00000|  0%| F|  |TAMS 0x0000000705c00000, 0x0000000705c00000| Untracked 
|   8|0x0000000705e00000, 0x0000000705e00000, 0x0000000706000000|  0%| F|  |TAMS 0x0000000705e00000, 0x0000000705e00000| Untracked 
|   9|0x0000000706000000, 0x0000000706000000, 0x0000000706200000|  0%| F|  |TAMS 0x0000000706000000, 0x0000000706000000| Untracked 
|  10|0x0000000706200000, 0x0000000706200000, 0x0000000706400000|  0%| F|  |TAMS 0x0000000706200000, 0x0000000706200000| Untracked 
|  11|0x0000000706400000, 0x0000000706400000, 0x0000000706600000|  0%| F|  |TAMS 0x0000000706400000, 0x0000000706400000| Untracked 
|  12|0x0000000706600000, 0x0000000706600000, 0x0000000706800000|  0%| F|  |TAMS 0x0000000706600000, 0x0000000706600000| Untracked 
|  13|0x0000000706800000, 0x0000000706800000, 0x0000000706a00000|  0%| F|  |TAMS 0x0000000706800000, 0x0000000706800000| Untracked 
|  14|0x0000000706a00000, 0x0000000706a00000, 0x0000000706c00000|  0%| F|  |TAMS 0x0000000706a00000, 0x0000000706a00000| Untracked 
|  15|0x0000000706c00000, 0x0000000706c00000, 0x0000000706e00000|  0%| F|  |TAMS 0x0000000706c00000, 0x0000000706c00000| Untracked 
|  16|0x0000000706e00000, 0x0000000706e00000, 0x0000000707000000|  0%| F|  |TAMS 0x0000000706e00000, 0x0000000706e00000| Untracked 
|  17|0x0000000707000000, 0x0000000707000000, 0x0000000707200000|  0%| F|  |TAMS 0x0000000707000000, 0x0000000707000000| Untracked 
|  18|0x0000000707200000, 0x0000000707200000, 0x0000000707400000|  0%| F|  |TAMS 0x0000000707200000, 0x0000000707200000| Untracked 
|  19|0x0000000707400000, 0x0000000707400000, 0x0000000707600000|  0%| F|  |TAMS 0x0000000707400000, 0x0000000707400000| Untracked 
|  20|0x0000000707600000, 0x0000000707600000, 0x0000000707800000|  0%| F|  |TAMS 0x0000000707600000, 0x0000000707600000| Untracked 
|  21|0x0000000707800000, 0x0000000707800000, 0x0000000707a00000|  0%| F|  |TAMS 0x0000000707800000, 0x0000000707800000| Untracked 
|  22|0x0000000707a00000, 0x0000000707a00000, 0x0000000707c00000|  0%| F|  |TAMS 0x0000000707a00000, 0x0000000707a00000| Untracked 
|  23|0x0000000707c00000, 0x0000000707c00000, 0x0000000707e00000|  0%| F|  |TAMS 0x0000000707c00000, 0x0000000707c00000| Untracked 
|  24|0x0000000707e00000, 0x0000000707e00000, 0x0000000708000000|  0%| F|  |TAMS 0x0000000707e00000, 0x0000000707e00000| Untracked 
|  25|0x0000000708000000, 0x0000000708000000, 0x0000000708200000|  0%| F|  |TAMS 0x0000000708000000, 0x0000000708000000| Untracked 
|  26|0x0000000708200000, 0x0000000708200000, 0x0000000708400000|  0%| F|  |TAMS 0x0000000708200000, 0x0000000708200000| Untracked 
|  27|0x0000000708400000, 0x0000000708400000, 0x0000000708600000|  0%| F|  |TAMS 0x0000000708400000, 0x0000000708400000| Untracked 
|  28|0x0000000708600000, 0x0000000708600000, 0x0000000708800000|  0%| F|  |TAMS 0x0000000708600000, 0x0000000708600000| Untracked 
|  29|0x0000000708800000, 0x0000000708800000, 0x0000000708a00000|  0%| F|  |TAMS 0x0000000708800000, 0x0000000708800000| Untracked 
|  30|0x0000000708a00000, 0x0000000708a00000, 0x0000000708c00000|  0%| F|  |TAMS 0x0000000708a00000, 0x0000000708a00000| Untracked 
|  31|0x0000000708c00000, 0x0000000708c00000, 0x0000000708e00000|  0%| F|  |TAMS 0x0000000708c00000, 0x0000000708c00000| Untracked 
|  32|0x0000000708e00000, 0x0000000708e00000, 0x0000000709000000|  0%| F|  |TAMS 0x0000000708e00000, 0x0000000708e00000| Untracked 
|  33|0x0000000709000000, 0x0000000709000000, 0x0000000709200000|  0%| F|  |TAMS 0x0000000709000000, 0x0000000709000000| Untracked 
|  34|0x0000000709200000, 0x0000000709200000, 0x0000000709400000|  0%| F|  |TAMS 0x0000000709200000, 0x0000000709200000| Untracked 
|  35|0x0000000709400000, 0x0000000709400000, 0x0000000709600000|  0%| F|  |TAMS 0x0000000709400000, 0x0000000709400000| Untracked 
|  36|0x0000000709600000, 0x0000000709600000, 0x0000000709800000|  0%| F|  |TAMS 0x0000000709600000, 0x0000000709600000| Untracked 
|  37|0x0000000709800000, 0x0000000709800000, 0x0000000709a00000|  0%| F|  |TAMS 0x0000000709800000, 0x0000000709800000| Untracked 
|  38|0x0000000709a00000, 0x0000000709a00000, 0x0000000709c00000|  0%| F|  |TAMS 0x0000000709a00000, 0x0000000709a00000| Untracked 
|  39|0x0000000709c00000, 0x0000000709c00000, 0x0000000709e00000|  0%| F|  |TAMS 0x0000000709c00000, 0x0000000709c00000| Untracked 
|  40|0x0000000709e00000, 0x0000000709e00000, 0x000000070a000000|  0%| F|  |TAMS 0x0000000709e00000, 0x0000000709e00000| Untracked 
|  41|0x000000070a000000, 0x000000070a000000, 0x000000070a200000|  0%| F|  |TAMS 0x000000070a000000, 0x000000070a000000| Untracked 
|  42|0x000000070a200000, 0x000000070a200000, 0x000000070a400000|  0%| F|  |TAMS 0x000000070a200000, 0x000000070a200000| Untracked 
|  43|0x000000070a400000, 0x000000070a400000, 0x000000070a600000|  0%| F|  |TAMS 0x000000070a400000, 0x000000070a400000| Untracked 
|  44|0x000000070a600000, 0x000000070a600000, 0x000000070a800000|  0%| F|  |TAMS 0x000000070a600000, 0x000000070a600000| Untracked 
|  45|0x000000070a800000, 0x000000070a800000, 0x000000070aa00000|  0%| F|  |TAMS 0x000000070a800000, 0x000000070a800000| Untracked 
|  46|0x000000070aa00000, 0x000000070aa00000, 0x000000070ac00000|  0%| F|  |TAMS 0x000000070aa00000, 0x000000070aa00000| Untracked 
|  47|0x000000070ac00000, 0x000000070ac00000, 0x000000070ae00000|  0%| F|  |TAMS 0x000000070ac00000, 0x000000070ac00000| Untracked 
|  48|0x000000070ae00000, 0x000000070ae00000, 0x000000070b000000|  0%| F|  |TAMS 0x000000070ae00000, 0x000000070ae00000| Untracked 
|  49|0x000000070b000000, 0x000000070b000000, 0x000000070b200000|  0%| F|  |TAMS 0x000000070b000000, 0x000000070b000000| Untracked 
|  50|0x000000070b200000, 0x000000070b200000, 0x000000070b400000|  0%| F|  |TAMS 0x000000070b200000, 0x000000070b200000| Untracked 
|  51|0x000000070b400000, 0x000000070b400000, 0x000000070b600000|  0%| F|  |TAMS 0x000000070b400000, 0x000000070b400000| Untracked 
|  52|0x000000070b600000, 0x000000070b600000, 0x000000070b800000|  0%| F|  |TAMS 0x000000070b600000, 0x000000070b600000| Untracked 
|  53|0x000000070b800000, 0x000000070b800000, 0x000000070ba00000|  0%| F|  |TAMS 0x000000070b800000, 0x000000070b800000| Untracked 
|  54|0x000000070ba00000, 0x000000070ba00000, 0x000000070bc00000|  0%| F|  |TAMS 0x000000070ba00000, 0x000000070ba00000| Untracked 
|  55|0x000000070bc00000, 0x000000070bc00000, 0x000000070be00000|  0%| F|  |TAMS 0x000000070bc00000, 0x000000070bc00000| Untracked 
|  56|0x000000070be00000, 0x000000070be00000, 0x000000070c000000|  0%| F|  |TAMS 0x000000070be00000, 0x000000070be00000| Untracked 
|  57|0x000000070c000000, 0x000000070c000000, 0x000000070c200000|  0%| F|  |TAMS 0x000000070c000000, 0x000000070c000000| Untracked 
|  58|0x000000070c200000, 0x000000070c200000, 0x000000070c400000|  0%| F|  |TAMS 0x000000070c200000, 0x000000070c200000| Untracked 
|  59|0x000000070c400000, 0x000000070c400000, 0x000000070c600000|  0%| F|  |TAMS 0x000000070c400000, 0x000000070c400000| Untracked 
|  60|0x000000070c600000, 0x000000070c600000, 0x000000070c800000|  0%| F|  |TAMS 0x000000070c600000, 0x000000070c600000| Untracked 
|  61|0x000000070c800000, 0x000000070c800000, 0x000000070ca00000|  0%| F|  |TAMS 0x000000070c800000, 0x000000070c800000| Untracked 
|  62|0x000000070ca00000, 0x000000070ca00000, 0x000000070cc00000|  0%| F|  |TAMS 0x000000070ca00000, 0x000000070ca00000| Untracked 
|  63|0x000000070cc00000, 0x000000070cc00000, 0x000000070ce00000|  0%| F|  |TAMS 0x000000070cc00000, 0x000000070cc00000| Untracked 
|  64|0x000000070ce00000, 0x000000070ce00000, 0x000000070d000000|  0%| F|  |TAMS 0x000000070ce00000, 0x000000070ce00000| Untracked 
|  65|0x000000070d000000, 0x000000070d000000, 0x000000070d200000|  0%| F|  |TAMS 0x000000070d000000, 0x000000070d000000| Untracked 
|  66|0x000000070d200000, 0x000000070d200000, 0x000000070d400000|  0%| F|  |TAMS 0x000000070d200000, 0x000000070d200000| Untracked 
|  67|0x000000070d400000, 0x000000070d400000, 0x000000070d600000|  0%| F|  |TAMS 0x000000070d400000, 0x000000070d400000| Untracked 
|  68|0x000000070d600000, 0x000000070d600000, 0x000000070d800000|  0%| F|  |TAMS 0x000000070d600000, 0x000000070d600000| Untracked 
|  69|0x000000070d800000, 0x000000070d800000, 0x000000070da00000|  0%| F|  |TAMS 0x000000070d800000, 0x000000070d800000| Untracked 
|  70|0x000000070da00000, 0x000000070da00000, 0x000000070dc00000|  0%| F|  |TAMS 0x000000070da00000, 0x000000070da00000| Untracked 
|  71|0x000000070dc00000, 0x000000070dc00000, 0x000000070de00000|  0%| F|  |TAMS 0x000000070dc00000, 0x000000070dc00000| Untracked 
|  72|0x000000070de00000, 0x000000070de00000, 0x000000070e000000|  0%| F|  |TAMS 0x000000070de00000, 0x000000070de00000| Untracked 
|  73|0x000000070e000000, 0x000000070e000000, 0x000000070e200000|  0%| F|  |TAMS 0x000000070e000000, 0x000000070e000000| Untracked 
|  74|0x000000070e200000, 0x000000070e200000, 0x000000070e400000|  0%| F|  |TAMS 0x000000070e200000, 0x000000070e200000| Untracked 
|  75|0x000000070e400000, 0x000000070e400000, 0x000000070e600000|  0%| F|  |TAMS 0x000000070e400000, 0x000000070e400000| Untracked 
|  76|0x000000070e600000, 0x000000070e600000, 0x000000070e800000|  0%| F|  |TAMS 0x000000070e600000, 0x000000070e600000| Untracked 
|  77|0x000000070e800000, 0x000000070e800000, 0x000000070ea00000|  0%| F|  |TAMS 0x000000070e800000, 0x000000070e800000| Untracked 
|  78|0x000000070ea00000, 0x000000070ea00000, 0x000000070ec00000|  0%| F|  |TAMS 0x000000070ea00000, 0x000000070ea00000| Untracked 
|  79|0x000000070ec00000, 0x000000070ec00000, 0x000000070ee00000|  0%| F|  |TAMS 0x000000070ec00000, 0x000000070ec00000| Untracked 
|  80|0x000000070ee00000, 0x000000070ee00000, 0x000000070f000000|  0%| F|  |TAMS 0x000000070ee00000, 0x000000070ee00000| Untracked 
|  81|0x000000070f000000, 0x000000070f000000, 0x000000070f200000|  0%| F|  |TAMS 0x000000070f000000, 0x000000070f000000| Untracked 
|  82|0x000000070f200000, 0x000000070f200000, 0x000000070f400000|  0%| F|  |TAMS 0x000000070f200000, 0x000000070f200000| Untracked 
|  83|0x000000070f400000, 0x000000070f400000, 0x000000070f600000|  0%| F|  |TAMS 0x000000070f400000, 0x000000070f400000| Untracked 
|  84|0x000000070f600000, 0x000000070f600000, 0x000000070f800000|  0%| F|  |TAMS 0x000000070f600000, 0x000000070f600000| Untracked 
|  85|0x000000070f800000, 0x000000070f800000, 0x000000070fa00000|  0%| F|  |TAMS 0x000000070f800000, 0x000000070f800000| Untracked 
|  86|0x000000070fa00000, 0x000000070fa00000, 0x000000070fc00000|  0%| F|  |TAMS 0x000000070fa00000, 0x000000070fa00000| Untracked 
|  87|0x000000070fc00000, 0x000000070fc00000, 0x000000070fe00000|  0%| F|  |TAMS 0x000000070fc00000, 0x000000070fc00000| Untracked 
|  88|0x000000070fe00000, 0x000000070fe00000, 0x0000000710000000|  0%| F|  |TAMS 0x000000070fe00000, 0x000000070fe00000| Untracked 
|  89|0x0000000710000000, 0x0000000710000000, 0x0000000710200000|  0%| F|  |TAMS 0x0000000710000000, 0x0000000710000000| Untracked 
|  90|0x0000000710200000, 0x0000000710200000, 0x0000000710400000|  0%| F|  |TAMS 0x0000000710200000, 0x0000000710200000| Untracked 
|  91|0x0000000710400000, 0x0000000710400000, 0x0000000710600000|  0%| F|  |TAMS 0x0000000710400000, 0x0000000710400000| Untracked 
|  92|0x0000000710600000, 0x0000000710600000, 0x0000000710800000|  0%| F|  |TAMS 0x0000000710600000, 0x0000000710600000| Untracked 
|  93|0x0000000710800000, 0x0000000710800000, 0x0000000710a00000|  0%| F|  |TAMS 0x0000000710800000, 0x0000000710800000| Untracked 
|  94|0x0000000710a00000, 0x0000000710a00000, 0x0000000710c00000|  0%| F|  |TAMS 0x0000000710a00000, 0x0000000710a00000| Untracked 
|  95|0x0000000710c00000, 0x0000000710c00000, 0x0000000710e00000|  0%| F|  |TAMS 0x0000000710c00000, 0x0000000710c00000| Untracked 
|  96|0x0000000710e00000, 0x0000000710e00000, 0x0000000711000000|  0%| F|  |TAMS 0x0000000710e00000, 0x0000000710e00000| Untracked 
|  97|0x0000000711000000, 0x0000000711000000, 0x0000000711200000|  0%| F|  |TAMS 0x0000000711000000, 0x0000000711000000| Untracked 
|  98|0x0000000711200000, 0x0000000711200000, 0x0000000711400000|  0%| F|  |TAMS 0x0000000711200000, 0x0000000711200000| Untracked 
|  99|0x0000000711400000, 0x0000000711400000, 0x0000000711600000|  0%| F|  |TAMS 0x0000000711400000, 0x0000000711400000| Untracked 
| 100|0x0000000711600000, 0x0000000711600000, 0x0000000711800000|  0%| F|  |TAMS 0x0000000711600000, 0x0000000711600000| Untracked 
| 101|0x0000000711800000, 0x0000000711800000, 0x0000000711a00000|  0%| F|  |TAMS 0x0000000711800000, 0x0000000711800000| Untracked 
| 102|0x0000000711a00000, 0x0000000711a00000, 0x0000000711c00000|  0%| F|  |TAMS 0x0000000711a00000, 0x0000000711a00000| Untracked 
| 103|0x0000000711c00000, 0x0000000711c00000, 0x0000000711e00000|  0%| F|  |TAMS 0x0000000711c00000, 0x0000000711c00000| Untracked 
| 104|0x0000000711e00000, 0x0000000711e00000, 0x0000000712000000|  0%| F|  |TAMS 0x0000000711e00000, 0x0000000711e00000| Untracked 
| 105|0x0000000712000000, 0x0000000712100800, 0x0000000712200000| 50%| E|  |TAMS 0x0000000712000000, 0x0000000712000000| Complete 
| 106|0x0000000712200000, 0x0000000712400000, 0x0000000712400000|100%| E|CS|TAMS 0x0000000712200000, 0x0000000712200000| Complete 
| 107|0x0000000712400000, 0x0000000712600000, 0x0000000712600000|100%| E|CS|TAMS 0x0000000712400000, 0x0000000712400000| Complete 
| 108|0x0000000712600000, 0x0000000712800000, 0x0000000712800000|100%| E|CS|TAMS 0x0000000712600000, 0x0000000712600000| Complete 
| 109|0x0000000712800000, 0x0000000712a00000, 0x0000000712a00000|100%| E|CS|TAMS 0x0000000712800000, 0x0000000712800000| Complete 
| 110|0x0000000712a00000, 0x0000000712c00000, 0x0000000712c00000|100%| E|  |TAMS 0x0000000712a00000, 0x0000000712a00000| Complete 
| 111|0x0000000712c00000, 0x0000000712e00000, 0x0000000712e00000|100%| E|CS|TAMS 0x0000000712c00000, 0x0000000712c00000| Complete 
| 112|0x0000000712e00000, 0x0000000712fd4ba8, 0x0000000713000000| 91%| S|CS|TAMS 0x0000000712e00000, 0x0000000712e00000| Complete 
| 113|0x0000000713000000, 0x0000000713200000, 0x0000000713200000|100%| E|CS|TAMS 0x0000000713000000, 0x0000000713000000| Complete 
| 114|0x0000000713200000, 0x0000000713400000, 0x0000000713400000|100%| E|CS|TAMS 0x0000000713200000, 0x0000000713200000| Complete 
| 115|0x0000000713400000, 0x0000000713600000, 0x0000000713600000|100%| E|CS|TAMS 0x0000000713400000, 0x0000000713400000| Complete 
| 116|0x0000000713600000, 0x0000000713800000, 0x0000000713800000|100%| E|CS|TAMS 0x0000000713600000, 0x0000000713600000| Complete 
| 117|0x0000000713800000, 0x0000000713a00000, 0x0000000713a00000|100%| E|CS|TAMS 0x0000000713800000, 0x0000000713800000| Complete 
| 118|0x0000000713a00000, 0x0000000713c00000, 0x0000000713c00000|100%| E|CS|TAMS 0x0000000713a00000, 0x0000000713a00000| Complete 
| 119|0x0000000713c00000, 0x0000000713e00000, 0x0000000713e00000|100%| E|CS|TAMS 0x0000000713c00000, 0x0000000713c00000| Complete 
| 120|0x0000000713e00000, 0x0000000714000000, 0x0000000714000000|100%| E|CS|TAMS 0x0000000713e00000, 0x0000000713e00000| Complete 
| 121|0x0000000714000000, 0x0000000714200000, 0x0000000714200000|100%| E|CS|TAMS 0x0000000714000000, 0x0000000714000000| Complete 
| 122|0x0000000714200000, 0x0000000714400000, 0x0000000714400000|100%| E|CS|TAMS 0x0000000714200000, 0x0000000714200000| Complete 
| 123|0x0000000714400000, 0x0000000714600000, 0x0000000714600000|100%| E|CS|TAMS 0x0000000714400000, 0x0000000714400000| Complete 
| 124|0x0000000714600000, 0x0000000714800000, 0x0000000714800000|100%| E|CS|TAMS 0x0000000714600000, 0x0000000714600000| Complete 
| 125|0x0000000714800000, 0x0000000714a00000, 0x0000000714a00000|100%| E|CS|TAMS 0x0000000714800000, 0x0000000714800000| Complete 

Card table byte_map: [0x000001e847d50000,0x000001e848530000] _byte_map_base: 0x000001e844529000

Marking Bits (Prev, Next): (CMBitMap*) 0x000001e830285a90, (CMBitMap*) 0x000001e830285ad0
 Prev Bits: [0x000001e848d10000, 0x000001e84cbd8000)
 Next Bits: [0x000001e84cbe0000, 0x000001e850aa8000)

Polling page: 0x000001e8302d0000

Metaspace:

Usage:
  Non-class:     15.96 MB used.
      Class:      2.27 MB used.
       Both:     18.24 MB used.

Virtual space:
  Non-class space:       64.00 MB reserved,      16.12 MB ( 25%) committed,  1 nodes.
      Class space:        1.00 GB reserved,       2.44 MB ( <1%) committed,  1 nodes.
             Both:        1.06 GB reserved,      18.56 MB (  2%) committed. 

Chunk freelists:
   Non-Class:  15.34 MB
       Class:  13.45 MB
        Both:  28.80 MB

MaxMetaspaceSize: unlimited
CompressedClassSpaceSize: 1.00 GB
Initial GC threshold: 21.00 MB
Current GC threshold: 21.00 MB
CDS: on
MetaspaceReclaimPolicy: balanced
 - commit_granule_bytes: 65536.
 - commit_granule_words: 8192.
 - virtual_space_node_default_size: 8388608.
 - enlarge_chunks_in_place: 1.
 - new_chunks_are_fully_committed: 0.
 - uncommit_free_chunks: 1.
 - use_allocation_guard: 0.
 - handle_deallocations: 1.


Internal statistics:

num_allocs_failed_limit: 0.
num_arena_births: 356.
num_arena_deaths: 0.
num_vsnodes_births: 2.
num_vsnodes_deaths: 0.
num_space_committed: 297.
num_space_uncommitted: 0.
num_chunks_returned_to_freelist: 0.
num_chunks_taken_from_freelist: 1006.
num_chunk_merges: 0.
num_chunk_splits: 674.
num_chunks_enlarged: 503.
num_inconsistent_stats: 0.

CodeHeap 'non-profiled nmethods': size=120000Kb used=1101Kb max_used=1101Kb free=118898Kb
 bounds [0x000001e83f5d0000, 0x000001e83f840000, 0x000001e846b00000]
CodeHeap 'profiled nmethods': size=120000Kb used=5114Kb max_used=5114Kb free=114885Kb
 bounds [0x000001e837b00000, 0x000001e838000000, 0x000001e83f030000]
CodeHeap 'non-nmethods': size=5760Kb used=1216Kb max_used=1298Kb free=4543Kb
 bounds [0x000001e83f030000, 0x000001e83f2a0000, 0x000001e83f5d0000]
 total_blobs=3132 nmethods=2622 adapters=422
 compilation: enabled
              stopped_count=0, restarted_count=0
 full_count=0

Compilation events (20 events):
Event: 1.997 Thread 0x000001e85372e130 nmethod 2568 0x000001e837fdf110 code [0x000001e837fdf300, 0x000001e837fdf7b8]
Event: 1.997 Thread 0x000001e85372e130 2569       3       org.slf4j.LoggerFactory::getILoggerFactory (9 bytes)
Event: 1.997 Thread 0x000001e85372e130 nmethod 2569 0x000001e837fdfa10 code [0x000001e837fdfbc0, 0x000001e837fdfd98]
Event: 1.997 Thread 0x000001e85372e130 2570   !   3       org.slf4j.LoggerFactory::getProvider (102 bytes)
Event: 1.998 Thread 0x000001e853721600 nmethod 2531 0x000001e83f6de090 code [0x000001e83f6de260, 0x000001e83f6de700]
Event: 1.998 Thread 0x000001e85372e130 nmethod 2570 0x000001e837fdfe90 code [0x000001e837fe00a0, 0x000001e837fe06f8]
Event: 1.998 Thread 0x000001e853721600 2513       4       jdk.internal.jimage.BasicImageReader::verifyLocation (39 bytes)
Event: 1.999 Thread 0x000001e85372e130 2571       1       org.springframework.beans.factory.support.AbstractBeanFactory::getParentBeanFactory (5 bytes)
Event: 1.999 Thread 0x000001e85372e130 nmethod 2571 0x000001e83f6dec10 code [0x000001e83f6deda0, 0x000001e83f6dee78]
Event: 1.999 Thread 0x000001e85372e130 2572       3       org.springframework.core.SimpleAliasRegistry::canonicalName (28 bytes)
Event: 1.999 Thread 0x000001e85372e130 nmethod 2572 0x000001e837fe0910 code [0x000001e837fe0ac0, 0x000001e837fe0ea8]
Event: 1.999 Thread 0x000001e85372e130 2573       3       org.springframework.beans.factory.support.AbstractBeanFactory::transformedBeanName (9 bytes)
Event: 2.000 Thread 0x000001e85372e130 nmethod 2573 0x000001e837fe1010 code [0x000001e837fe11e0, 0x000001e837fe16d8]
Event: 2.000 Thread 0x000001e85372e130 2574       1       org.springframework.context.annotation.ConfigurationClass::getMetadata (5 bytes)
Event: 2.000 Thread 0x000001e85372e130 nmethod 2574 0x000001e83f6def10 code [0x000001e83f6df0a0, 0x000001e83f6df178]
Event: 2.000 Thread 0x000001e85372e130 2575       1       java.lang.reflect.Constructor::getSharedParameterTypes (5 bytes)
Event: 2.000 Thread 0x000001e85372e130 nmethod 2575 0x000001e83f6df210 code [0x000001e83f6df3a0, 0x000001e83f6df478]
Event: 2.000 Thread 0x000001e85372e130 2576       1       java.util.stream.Collectors$CollectorImpl::supplier (5 bytes)
Event: 2.015 Thread 0x000001e85372e130 nmethod 2576 0x000001e83f6df510 code [0x000001e83f6df6a0, 0x000001e83f6df778]
Event: 2.015 Thread 0x000001e85372e130 2581       3       org.springframework.asm.ClassReader::readElementValues (88 bytes)

GC Heap History (4 events):
Event: 0.730 GC heap before
{Heap before GC invocations=0 (full 0):
 garbage-first heap   total 258048K, used 20480K [0x0000000704e00000, 0x0000000800000000)
  region size 2048K, 11 young (22528K), 0 survivors (0K)
 Metaspace       used 5000K, committed 5184K, reserved 1114112K
  class space    used 578K, committed 640K, reserved 1048576K
}
Event: 0.733 GC heap after
{Heap after GC invocations=1 (full 0):
 garbage-first heap   total 258048K, used 7100K [0x0000000704e00000, 0x0000000800000000)
  region size 2048K, 2 young (4096K), 2 survivors (4096K)
 Metaspace       used 5000K, committed 5184K, reserved 1114112K
  class space    used 578K, committed 640K, reserved 1048576K
}
Event: 1.378 GC heap before
{Heap before GC invocations=1 (full 0):
 garbage-first heap   total 258048K, used 27580K [0x0000000704e00000, 0x0000000800000000)
  region size 2048K, 13 young (26624K), 2 survivors (4096K)
 Metaspace       used 10516K, committed 10816K, reserved 1114112K
  class space    used 1332K, committed 1472K, reserved 1048576K
}
Event: 1.383 GC heap after
{Heap after GC invocations=2 (full 0):
 garbage-first heap   total 258048K, used 8807K [0x0000000704e00000, 0x0000000800000000)
  region size 2048K, 1 young (2048K), 1 survivors (2048K)
 Metaspace       used 10516K, committed 10816K, reserved 1114112K
  class space    used 1332K, committed 1472K, reserved 1048576K
}

Deoptimization events (20 events):
Event: 1.874 Thread 0x000001e830216490 DEOPT PACKING pc=0x000001e837c9bf66 sp=0x000000b727dfea30
Event: 1.874 Thread 0x000001e830216490 DEOPT UNPACKING pc=0x000001e83f0866e3 sp=0x000000b727dfdef8 mode 0
Event: 1.874 Thread 0x000001e830216490 DEOPT PACKING pc=0x000001e837ca3e65 sp=0x000000b727dfea00
Event: 1.874 Thread 0x000001e830216490 DEOPT UNPACKING pc=0x000001e83f0866e3 sp=0x000000b727dfdef0 mode 0
Event: 1.874 Thread 0x000001e830216490 DEOPT PACKING pc=0x000001e837c9bf66 sp=0x000000b727dfea30
Event: 1.874 Thread 0x000001e830216490 DEOPT UNPACKING pc=0x000001e83f0866e3 sp=0x000000b727dfdef8 mode 0
Event: 1.874 Thread 0x000001e830216490 DEOPT PACKING pc=0x000001e837ca3e65 sp=0x000000b727dfea00
Event: 1.874 Thread 0x000001e830216490 DEOPT UNPACKING pc=0x000001e83f0866e3 sp=0x000000b727dfdef0 mode 0
Event: 1.875 Thread 0x000001e830216490 DEOPT PACKING pc=0x000001e837c9bf66 sp=0x000000b727dfea30
Event: 1.875 Thread 0x000001e830216490 DEOPT UNPACKING pc=0x000001e83f0866e3 sp=0x000000b727dfdef8 mode 0
Event: 1.875 Thread 0x000001e830216490 DEOPT PACKING pc=0x000001e837ca3e65 sp=0x000000b727dfea00
Event: 1.875 Thread 0x000001e830216490 DEOPT UNPACKING pc=0x000001e83f0866e3 sp=0x000000b727dfdef0 mode 0
Event: 1.875 Thread 0x000001e830216490 DEOPT PACKING pc=0x000001e837c9bf66 sp=0x000000b727dfea30
Event: 1.875 Thread 0x000001e830216490 DEOPT UNPACKING pc=0x000001e83f0866e3 sp=0x000000b727dfdef8 mode 0
Event: 1.875 Thread 0x000001e830216490 DEOPT PACKING pc=0x000001e837ca3e65 sp=0x000000b727dfea00
Event: 1.875 Thread 0x000001e830216490 DEOPT UNPACKING pc=0x000001e83f0866e3 sp=0x000000b727dfdef0 mode 0
Event: 1.987 Thread 0x000001e830216490 Uncommon trap: trap_request=0xffffff45 fr.pc=0x000001e83f6adca0 relative=0x00000000000007c0
Event: 1.987 Thread 0x000001e830216490 Uncommon trap: reason=unstable_if action=reinterpret pc=0x000001e83f6adca0 method=java.util.zip.ZipFile$Source.getEntryPos(Ljava/lang/String;Z)I @ 107 c2
Event: 1.987 Thread 0x000001e830216490 DEOPT PACKING pc=0x000001e83f6adca0 sp=0x000000b727dfd7a0
Event: 1.987 Thread 0x000001e830216490 DEOPT UNPACKING pc=0x000001e83f085ba3 sp=0x000000b727dfd720 mode 2

Classes unloaded (0 events):
No events

Classes redefined (0 events):
No events

Internal exceptions (20 events):
Event: 1.107 Thread 0x000001e830216490 Exception <a 'java/lang/NoSuchMethodError'{0x0000000714199a40}: 'int java.lang.invoke.DirectMethodHandle$Holder.invokeSpecialIFC(java.lang.Object, java.lang.Object, java.lang.Object, java.lang.Object)'> (0x0000000714199a40) 
thrown [s\open\src\hotspot\share\interpreter\linkResolver.cpp, line 759]
Event: 1.127 Thread 0x000001e830216490 Exception <a 'java/lang/NoSuchMethodError'{0x0000000713e5ccb0}: 'void java.lang.invoke.DirectMethodHandle$Holder.invokeInterface(java.lang.Object, java.lang.Object, java.lang.Object)'> (0x0000000713e5ccb0) 
thrown [s\open\src\hotspot\share\interpreter\linkResolver.cpp, line 759]
Event: 1.160 Thread 0x000001e830216490 Exception <a 'java/lang/NoSuchMethodError'{0x0000000713f0c638}: 'void java.lang.invoke.DirectMethodHandle$Holder.invokeStaticInit(java.lang.Object, java.lang.Object, java.lang.Object)'> (0x0000000713f0c638) 
thrown [s\open\src\hotspot\share\interpreter\linkResolver.cpp, line 759]
Event: 1.164 Thread 0x000001e830216490 Exception <a 'java/lang/NoSuchMethodError'{0x0000000713f2a0e8}: 'java.lang.Object java.lang.invoke.DirectMethodHandle$Holder.invokeVirtual(java.lang.Object, java.lang.Object, java.lang.Object)'> (0x0000000713f2a0e8) 
thrown [s\open\src\hotspot\share\interpreter\linkResolver.cpp, line 759]
Event: 1.189 Thread 0x000001e830216490 Exception <a 'java/lang/NoSuchMethodError'{0x0000000713fea210}: 'java.lang.Object java.lang.invoke.DirectMethodHandle$Holder.newInvokeSpecial(java.lang.Object, long)'> (0x0000000713fea210) 
thrown [s\open\src\hotspot\share\interpreter\linkResolver.cpp, line 759]
Event: 1.190 Thread 0x000001e830216490 Exception <a 'java/lang/NoSuchMethodError'{0x0000000713ff1aa8}: 'void java.lang.invoke.DirectMethodHandle$Holder.invokeVirtual(java.lang.Object, java.lang.Object, java.lang.Object, java.lang.Object)'> (0x0000000713ff1aa8) 
thrown [s\open\src\hotspot\share\interpreter\linkResolver.cpp, line 759]
Event: 1.207 Thread 0x000001e830216490 Exception <a 'java/lang/NoSuchMethodError'{0x0000000713ca4050}: 'java.lang.Object java.lang.invoke.DirectMethodHandle$Holder.invokeSpecial(java.lang.Object, java.lang.Object, long, java.lang.Object, java.lang.Object, java.lang.Object, java.lang.Object, java.lang.Object, java.lang.Object)'> (0x0000000713ca4050) 
thrown [s\open\src\hotspot\share\interpreter\linkResolver.cpp, line 759]
Event: 1.208 Thread 0x000001e830216490 Exception <a 'java/lang/NoSuchMethodError'{0x0000000713ca88d0}: 'java.lang.Object java.lang.invoke.DelegatingMethodHandle$Holder.reinvoke_L(java.lang.Object, long, java.lang.Object, java.lang.Object, java.lang.Object, java.lang.Object, java.lang.Object, java.lang.Object)'> (0x0000000713ca88d0) 
thrown [s\open\src\hotspot\share\interpreter\linkResolver.cpp, line 759]
Event: 1.315 Thread 0x000001e830216490 Exception <a 'java/lang/IncompatibleClassChangeError'{0x0000000713baee20}: Found class java.lang.Object, but interface was expected> (0x0000000713baee20) 
thrown [s\open\src\hotspot\share\interpreter\linkResolver.cpp, line 826]
Event: 1.316 Thread 0x000001e85374fb50 Exception <a 'java/lang/NoClassDefFoundError'{0x0000000713816788}: jakarta/validation/Validation> (0x0000000713816788) 
thrown [s\open\src\hotspot\share\classfile\systemDictionary.cpp, line 245]
Event: 1.647 Thread 0x000001e830216490 Exception <a 'sun/nio/fs/WindowsException'{0x00000007139a7b08}> (0x00000007139a7b08) 
thrown [s\open\src\hotspot\share\prims\jni.cpp, line 516]
Event: 1.648 Thread 0x000001e830216490 Exception <a 'java/lang/NoSuchMethodError'{0x00000007139a94b8}: 'int java.lang.invoke.DirectMethodHandle$Holder.invokeSpecial(java.lang.Object, java.lang.Object, java.lang.Object, java.lang.Object, java.lang.Object)'> (0x00000007139a94b8) 
thrown [s\open\src\hotspot\share\interpreter\linkResolver.cpp, line 759]
Event: 1.651 Thread 0x000001e830216490 Exception <a 'java/lang/NoSuchMethodError'{0x00000007139b23f8}: 'void java.lang.invoke.DirectMethodHandle$Holder.invokeVirtual(java.lang.Object, java.lang.Object)'> (0x00000007139b23f8) 
thrown [s\open\src\hotspot\share\interpreter\linkResolver.cpp, line 759]
Event: 1.701 Thread 0x000001e85374fb50 Exception <a 'java/lang/NoSuchMethodError'{0x0000000713241ae8}: 'long java.lang.invoke.DirectMethodHandle$Holder.invokeSpecial(java.lang.Object, java.lang.Object)'> (0x0000000713241ae8) 
thrown [s\open\src\hotspot\share\interpreter\linkResolver.cpp, line 759]
Event: 1.703 Thread 0x000001e85374fb50 Exception <a 'java/lang/NoSuchMethodError'{0x000000071324c690}: 'long java.lang.invoke.DirectMethodHandle$Holder.invokeStatic(java.lang.Object, java.lang.Object)'> (0x000000071324c690) 
thrown [s\open\src\hotspot\share\interpreter\linkResolver.cpp, line 759]
Event: 1.703 Thread 0x000001e85374fb50 Exception <a 'java/lang/NoSuchMethodError'{0x000000071324fdc0}: 'long java.lang.invoke.DirectMethodHandle$Holder.invokeStaticInit(java.lang.Object, java.lang.Object)'> (0x000000071324fdc0) 
thrown [s\open\src\hotspot\share\interpreter\linkResolver.cpp, line 759]
Event: 1.705 Thread 0x000001e85374fb50 Exception <a 'java/lang/NoSuchMethodError'{0x000000071325d728}: 'long java.lang.invoke.DirectMethodHandle$Holder.invokeInterface(java.lang.Object, java.lang.Object)'> (0x000000071325d728) 
thrown [s\open\src\hotspot\share\interpreter\linkResolver.cpp, line 759]
Event: 1.706 Thread 0x000001e85374fb50 Exception <a 'java/lang/IncompatibleClassChangeError'{0x0000000713260a10}: Found class java.lang.Object, but interface was expected> (0x0000000713260a10) 
thrown [s\open\src\hotspot\share\interpreter\linkResolver.cpp, line 826]
Event: 1.709 Thread 0x000001e85374fb50 Exception <a 'java/lang/NoSuchMethodError'{0x00000007132785f8}: 'java.lang.Object java.lang.invoke.DirectMethodHandle$Holder.invokeVirtual(java.lang.Object, java.lang.Object, java.lang.Object, java.lang.Object)'> (0x00000007132785f8) 
thrown [s\open\src\hotspot\share\interpreter\linkResolver.cpp, line 759]
Event: 1.863 Thread 0x000001e830216490 Exception <a 'java/lang/IncompatibleClassChangeError'{0x00000007126d5310}: Found class java.lang.Object, but interface was expected> (0x00000007126d5310) 
thrown [s\open\src\hotspot\share\interpreter\linkResolver.cpp, line 826]

VM Operations (20 events):
Event: 1.378 Executing VM operation: G1CollectForAllocation
Event: 1.383 Executing VM operation: G1CollectForAllocation done
Event: 1.458 Executing VM operation: HandshakeAllThreads
Event: 1.458 Executing VM operation: HandshakeAllThreads done
Event: 1.474 Executing VM operation: HandshakeAllThreads
Event: 1.474 Executing VM operation: HandshakeAllThreads done
Event: 1.475 Executing VM operation: HandshakeAllThreads
Event: 1.475 Executing VM operation: HandshakeAllThreads done
Event: 1.476 Executing VM operation: HandshakeAllThreads
Event: 1.476 Executing VM operation: HandshakeAllThreads done
Event: 1.578 Executing VM operation: HandshakeAllThreads
Event: 1.578 Executing VM operation: HandshakeAllThreads done
Event: 1.625 Executing VM operation: HandshakeAllThreads
Event: 1.625 Executing VM operation: HandshakeAllThreads done
Event: 1.756 Executing VM operation: ICBufferFull
Event: 1.756 Executing VM operation: ICBufferFull done
Event: 1.763 Executing VM operation: HandshakeAllThreads
Event: 1.763 Executing VM operation: HandshakeAllThreads done
Event: 1.797 Executing VM operation: HandshakeAllThreads
Event: 1.812 Executing VM operation: HandshakeAllThreads done

Events (20 events):
Event: 1.824 loading class com/sun/crypto/provider/SunJCE done
Event: 1.835 Loaded shared library C:\Program Files\Java\jdk-17\bin\sunmscapi.dll
Event: 1.838 loading class com/sun/security/sasl/Provider
Event: 1.839 loading class com/sun/security/sasl/Provider done
Event: 1.839 loading class com/sun/security/sasl/Provider$1
Event: 1.839 loading class com/sun/security/sasl/Provider$1 done
Event: 1.839 loading class com/sun/security/sasl/Provider$ProviderService
Event: 1.839 loading class com/sun/security/sasl/Provider$ProviderService done
Event: 1.839 loading class sun/security/provider/certpath/ldap/JdkLDAP
Event: 1.839 loading class sun/security/provider/certpath/ldap/JdkLDAP done
Event: 1.839 loading class sun/security/provider/certpath/ldap/JdkLDAP$ProviderService
Event: 1.840 loading class sun/security/provider/certpath/ldap/JdkLDAP$ProviderService done
Event: 1.843 Thread 0x000001e85374fb50 Thread exited: 0x000001e85374fb50
Event: 1.851 Thread 0x000001e853750060 Thread exited: 0x000001e853750060
Event: 1.974 loading class java/util/stream/Streams$ConcatSpliterator$OfRef
Event: 1.974 loading class java/util/stream/Streams$ConcatSpliterator
Event: 1.974 loading class java/util/stream/Streams$ConcatSpliterator done
Event: 1.974 loading class java/util/stream/Streams$ConcatSpliterator$OfRef done
Event: 1.974 loading class java/util/stream/Streams$2
Event: 1.974 loading class java/util/stream/Streams$2 done


Dynamic libraries:
0x00007ff779d00000 - 0x00007ff779d10000 	C:\Program Files\Java\jdk-17\bin\java.exe
0x00007ff83dea0000 - 0x00007ff83e108000 	C:\WINDOWS\SYSTEM32\ntdll.dll
0x00007ff83ce20000 - 0x00007ff83cee9000 	C:\WINDOWS\System32\KERNEL32.DLL
0x00007ff83b870000 - 0x00007ff83bc62000 	C:\WINDOWS\System32\KERNELBASE.dll
0x00007ff83b720000 - 0x00007ff83b86b000 	C:\WINDOWS\System32\ucrtbase.dll
0x00007ff80ad80000 - 0x00007ff80ad9b000 	C:\Program Files\Java\jdk-17\bin\VCRUNTIME140.dll
0x00007ff80d1b0000 - 0x00007ff80d1c9000 	C:\Program Files\Java\jdk-17\bin\jli.dll
0x00007ff83d780000 - 0x00007ff83d834000 	C:\WINDOWS\System32\ADVAPI32.dll
0x00007ff83c790000 - 0x00007ff83c839000 	C:\WINDOWS\System32\msvcrt.dll
0x00007ff83bce0000 - 0x00007ff83bd86000 	C:\WINDOWS\System32\sechost.dll
0x00007ff83bd90000 - 0x00007ff83bea8000 	C:\WINDOWS\System32\RPCRT4.dll
0x00007ff83d950000 - 0x00007ff83db15000 	C:\WINDOWS\System32\USER32.dll
0x00007ff83b6f0000 - 0x00007ff83b717000 	C:\WINDOWS\System32\win32u.dll
0x00007ff83bc70000 - 0x00007ff83bc9b000 	C:\WINDOWS\System32\GDI32.dll
0x00007ff83b500000 - 0x00007ff83b62d000 	C:\WINDOWS\System32\gdi32full.dll
0x00007ff83b3c0000 - 0x00007ff83b463000 	C:\WINDOWS\System32\msvcp_win.dll
0x00007ff81ac30000 - 0x00007ff81aec3000 	C:\WINDOWS\WinSxS\amd64_microsoft.windows.common-controls_6595b64144ccf1df_6.0.26100.6899_none_3e0efeeae32e88c1\COMCTL32.dll
0x00007ff82aed0000 - 0x00007ff82aedb000 	C:\WINDOWS\SYSTEM32\VERSION.dll
0x00007ff83cef0000 - 0x00007ff83cf1f000 	C:\WINDOWS\System32\IMM32.DLL
0x00007ff80c370000 - 0x00007ff80c37c000 	C:\Program Files\Java\jdk-17\bin\vcruntime140_1.dll
0x00007ff809e30000 - 0x00007ff809ebe000 	C:\Program Files\Java\jdk-17\bin\msvcp140.dll
0x00007ff809250000 - 0x00007ff809e30000 	C:\Program Files\Java\jdk-17\bin\server\jvm.dll
0x00007ff83bf80000 - 0x00007ff83bf88000 	C:\WINDOWS\System32\PSAPI.DLL
0x00007ff80ad70000 - 0x00007ff80ad7a000 	C:\WINDOWS\SYSTEM32\WSOCK32.dll
0x00007ff832e80000 - 0x00007ff832eb5000 	C:\WINDOWS\SYSTEM32\WINMM.dll
0x00007ff83d850000 - 0x00007ff83d8c4000 	C:\WINDOWS\System32\WS2_32.dll
0x00007ff839d20000 - 0x00007ff839d3b000 	C:\WINDOWS\SYSTEM32\kernel.appcore.dll
0x00007ff808fc0000 - 0x00007ff808fca000 	C:\Program Files\Java\jdk-17\bin\jimage.dll
0x00007ff838840000 - 0x00007ff838a82000 	C:\WINDOWS\SYSTEM32\DBGHELP.DLL
0x00007ff83c190000 - 0x00007ff83c50b000 	C:\WINDOWS\System32\combase.dll
0x00007ff83c6b0000 - 0x00007ff83c787000 	C:\WINDOWS\System32\OLEAUT32.dll
0x00007ff812710000 - 0x00007ff81274c000 	C:\WINDOWS\SYSTEM32\dbgcore.DLL
0x00007ff83b320000 - 0x00007ff83b3b8000 	C:\WINDOWS\System32\bcryptPrimitives.dll
0x00007ff832a00000 - 0x00007ff832a0e000 	C:\Program Files\Java\jdk-17\bin\instrument.dll
0x00007ff808de0000 - 0x00007ff808e05000 	C:\Program Files\Java\jdk-17\bin\java.dll
0x00007ff808d00000 - 0x00007ff808dd7000 	C:\Program Files\Java\jdk-17\bin\jsvml.dll
0x00007ff83cf30000 - 0x00007ff83d67d000 	C:\WINDOWS\System32\SHELL32.dll
0x00007ff83b1b0000 - 0x00007ff83b31b000 	C:\WINDOWS\System32\wintypes.dll
0x00007ff838c40000 - 0x00007ff83949d000 	C:\WINDOWS\SYSTEM32\windows.storage.dll
0x00007ff83bfb0000 - 0x00007ff83c0a2000 	C:\WINDOWS\System32\SHCORE.dll
0x00007ff83cdb0000 - 0x00007ff83ce12000 	C:\WINDOWS\System32\shlwapi.dll
0x00007ff83af50000 - 0x00007ff83af79000 	C:\WINDOWS\SYSTEM32\profapi.dll
0x00007ff807c70000 - 0x00007ff807c88000 	C:\Program Files\Java\jdk-17\bin\zip.dll
0x00007ff807d10000 - 0x00007ff807d29000 	C:\Program Files\Java\jdk-17\bin\net.dll
0x00007ff82c980000 - 0x00007ff82ca9f000 	C:\WINDOWS\SYSTEM32\WINHTTP.dll
0x00007ff83a310000 - 0x00007ff83a37b000 	C:\WINDOWS\system32\mswsock.dll
0x00007ff807c90000 - 0x00007ff807ca6000 	C:\Program Files\Java\jdk-17\bin\nio.dll
0x00007ff8397c0000 - 0x00007ff8397f4000 	C:\WINDOWS\SYSTEM32\IPHLPAPI.DLL
0x00007ff83bcd0000 - 0x00007ff83bcda000 	C:\WINDOWS\System32\NSI.dll
0x00007ff835190000 - 0x00007ff8351ae000 	C:\WINDOWS\SYSTEM32\dhcpcsvc6.DLL
0x00007ff835090000 - 0x00007ff8350b3000 	C:\WINDOWS\SYSTEM32\dhcpcsvc.DLL
0x00007ff839850000 - 0x00007ff839976000 	C:\WINDOWS\SYSTEM32\DNSAPI.dll
0x00007ff82c220000 - 0x00007ff82c22b000 	C:\Windows\System32\rasadhlp.dll
0x00007ff8352d0000 - 0x00007ff835356000 	C:\WINDOWS\System32\fwpuclnt.dll
0x00007ffff6050000 - 0x00007ffff605e000 	C:\Program Files\Java\jdk-17\bin\sunmscapi.dll
0x00007ff83b030000 - 0x00007ff83b1a7000 	C:\WINDOWS\System32\CRYPT32.dll
0x00007ff83a840000 - 0x00007ff83a870000 	C:\WINDOWS\SYSTEM32\ncrypt.dll
0x00007ff83a7f0000 - 0x00007ff83a82f000 	C:\WINDOWS\SYSTEM32\NTASN1.dll

dbghelp: loaded successfully - version: 4.0.5 - missing functions: none
symbol engine: initialized successfully - sym options: 0x614 - pdb path: .;C:\Program Files\Java\jdk-17\bin;C:\WINDOWS\SYSTEM32;C:\WINDOWS\WinSxS\amd64_microsoft.windows.common-controls_6595b64144ccf1df_6.0.26100.6899_none_3e0efeeae32e88c1;C:\Program Files\Java\jdk-17\bin\server

VM Arguments:
jvm_args: -Dserver.port=9083 -javaagent:C:\Program Files\JetBrains\IntelliJ IDEA 2025.2.2\lib\idea_rt.jar=51591 -Dfile.encoding=UTF-8 
java_command: com.example.productcompositeservice.ProductCompositeServiceApplication
java_class_path (initial): C:\Users\pc\IdeaProjects\product-composite-service\target\classes;C:\Users\pc\.m2\repository\org\springframework\boot\spring-boot-starter-web\3.5.7\spring-boot-starter-web-3.5.7.jar;C:\Users\pc\.m2\repository\org\springframework\boot\spring-boot-starter\3.5.7\spring-boot-starter-3.5.7.jar;C:\Users\pc\.m2\repository\org\springframework\boot\spring-boot\3.5.7\spring-boot-3.5.7.jar;C:\Users\pc\.m2\repository\org\springframework\boot\spring-boot-autoconfigure\3.5.7\spring-boot-autoconfigure-3.5.7.jar;C:\Users\pc\.m2\repository\org\springframework\boot\spring-boot-starter-logging\3.5.7\spring-boot-starter-logging-3.5.7.jar;C:\Users\pc\.m2\repository\ch\qos\logback\logback-classic\1.5.20\logback-classic-1.5.20.jar;C:\Users\pc\.m2\repository\ch\qos\logback\logback-core\1.5.20\logback-core-1.5.20.jar;C:\Users\pc\.m2\repository\org\apache\logging\log4j\log4j-to-slf4j\2.24.3\log4j-to-slf4j-2.24.3.jar;C:\Users\pc\.m2\repository\org\apache\logging\log4j\log4j-api\2.24.3\log4j-api-2.24.3.jar;C:\Users\pc\.m2\repository\org\slf4j\jul-to-slf4j\2.0.17\jul-to-slf4j-2.0.17.jar;C:\Users\pc\.m2\repository\jakarta\annotation\jakarta.annotation-api\2.1.1\jakarta.annotation-api-2.1.1.jar;C:\Users\pc\.m2\repository\org\yaml\snakeyaml\2.4\snakeyaml-2.4.jar;C:\Users\pc\.m2\repository\org\springframework\boot\spring-boot-starter-json\3.5.7\spring-boot-starter-json-3.5.7.jar;C:\Users\pc\.m2\repository\com\fasterxml\jackson\core\jackson-databind\2.19.2\jackson-databind-2.19.2.jar;C:\Users\pc\.m2\repository\com\fasterxml\jackson\datatype\jackson-datatype-jdk8\2.19.2\jackson-datatype-jdk8-2.19.2.jar;C:\Users\pc\.m2\repository\com\fasterxml\jackson\datatype\jackson-datatype-jsr310\2.19.2\jackson-datatype-jsr310-2.19.2.jar;C:\Users\pc\.m2\repository\com\fasterxml\jackson\module\jackson-module-parameter-names\2.19.2\jackson-module-parameter-names-2.19.2.jar;C:\Users\pc\.m2\repository\org\springframework\boot\spring-boot-starter-tomcat\3.5.7\spring-boot-starter-tomcat-3.5.
Launcher Type: SUN_STANDARD

[Global flags]
     intx CICompilerCount                          = 4                                         {product} {ergonomic}
     uint ConcGCThreads                            = 2                                         {product} {ergonomic}
     uint G1ConcRefinementThreads                  = 8                                         {product} {ergonomic}
   size_t G1HeapRegionSize                         = 2097152                                   {product} {ergonomic}
    uintx GCDrainStackTargetSize                   = 64                                        {product} {ergonomic}
   size_t InitialHeapSize                          = 264241152                                 {product} {ergonomic}
   size_t MarkStackSize                            = 4194304                                   {product} {ergonomic}
   size_t MaxHeapSize                              = 4213178368                                {product} {ergonomic}
   size_t MaxNewSize                               = 2527068160                                {product} {ergonomic}
   size_t MinHeapDeltaBytes                        = 2097152                                   {product} {ergonomic}
   size_t MinHeapSize                              = 8388608                                   {product} {ergonomic}
    uintx NonNMethodCodeHeapSize                   = 5839372                                {pd product} {ergonomic}
    uintx NonProfiledCodeHeapSize                  = 122909434                              {pd product} {ergonomic}
    uintx ProfiledCodeHeapSize                     = 122909434                              {pd product} {ergonomic}
    uintx ReservedCodeCacheSize                    = 251658240                              {pd product} {ergonomic}
     bool SegmentedCodeCache                       = true                                      {product} {ergonomic}
   size_t SoftMaxHeapSize                          = 4213178368                             {manageable} {ergonomic}
     bool UseCompressedClassPointers               = true                           {product lp64_product} {ergonomic}
     bool UseCompressedOops                        = true                           {product lp64_product} {ergonomic}
     bool UseG1GC                                  = true                                      {product} {ergonomic}
     bool UseLargePagesIndividualAllocation        = false                                  {pd product} {ergonomic}

Logging:
Log output configuration:
 #0: stdout all=warning uptime,level,tags
 #1: stderr all=off uptime,level,tags

Environment Variables:
JAVA_HOME=C:\Program Files\Java\jdk-17
PATH=C:\Program Files\Common Files\Oracle\Java\javapath;C:\Program Files (x86)\Common Files\Oracle\Java\java8path;C:\Program Files (x86)\Common Files\Oracle\Java\javapath;C:\Python312\Scripts\;C:\Python312\;C:\WINDOWS\system32;C:\WINDOWS;C:\WINDOWS\System32\Wbem;C:\WINDOWS\System32\WindowsPowerShell\v1.0\;C:\WINDOWS\System32\OpenSSH\;C:\Program Files\nodejs\;C:\ProgramData\chocolatey\bin;C:\Program Files\mysql\MySQL Server 8.0\bin;"\Python312\Scripts;";C:\Program Files\Microsoft SQL Server\150\Tools\Binn\;C:\Program Files\Microsoft SQL Server\Client SDK\ODBC\170\Tools\Binn\;C:\Program Files\dotnet\;C:\Program Files (x86)\Windows Kits\10\Windows Performance Toolkit\;C:\Program Files\Git\cmd;C:\Users\pc\AppData\Local\Pub\Cache\bin;C:\Users\pc\AppData\Local\Android\Sdk\platform-tools;C:\Program Files\Java\jdk1.8.0_202\bin;C:\Program Files\MongoDB\Server\8.0\bin;C:\Program Files\MongoDB\Tools\100\bin;C:\hadoop-3.2.2\bin;C:\hadoop-3.2.2\sbin;C:\ffmpeg\bin;C:\apache-maven-3.9.9\bin;C:\Program Files\Java\jdk-17\bin;C:\Program Files\Azure Data Studio\bin;C:\Program Files\Microsoft SQL Server\160\DTS\Binn\;C:\Program Files (x86)\Microsoft SQL Server\160\Tools\Binn\;C:\Program Files\Microsoft SQL Server\160\Tools\Binn\;C:\Program Files (x86)\Microsoft SQL Server\160\DTS\Binn\;C:\Program Files\Microsoft SQL Server\170\Tools\Binn\;C:\Program Files\Microsoft SQL Server\130\DTS\Binn\;C:\Program Files\Microsoft SQL Server\140\DTS\Binn\;C:\Program Files\Microsoft SQL Server\150\DTS\Binn\;C:\Program Files\MySQL\MySQL Shell 8.0\bin\;C:\Users\pc\AppData\Local\Programs\Python\Python313\Scripts\;C:\Users\pc\AppData\Local\Programs\Python\Python313\;C:\Users\pc\AppData\Local\Programs\Python\Python310\Scripts\;C:\Users\pc\AppData\Local\Programs\Python\Python310\;C:\Users\pc\AppData\Local\Programs\Eclipse Adoptium\jdk-17.0.8.101-hotspot\bin;C:\Users\pc\AppData\Local\Microsoft\WindowsApps;C:\Users\pc\AppData\Roaming\npm;"C:\Python312\Scripts;";C:\src\flutter\flutter\bin;C:\Users\pc\.dotnet\tool
USERNAME=pc
OS=Windows_NT
PROCESSOR_IDENTIFIER=Intel64 Family 6 Model 140 Stepping 1, GenuineIntel



---------------  S Y S T E M  ---------------

OS:
 Windows 11 , 64 bit Build 26100 (10.0.26100.6725)
OS uptime: 6 days 20:48 hours
Hyper-V role detected

CPU: total 8 (initial active 8) (4 cores per cpu, 2 threads per core) family 6 model 140 stepping 1 microcode 0xbc, cx8, cmov, fxsr, ht, mmx, 3dnowpref, sse, sse2, sse3, ssse3, sse4.1, sse4.2, popcnt, lzcnt, tsc, tscinvbit, avx, avx2, aes, erms, clmul, bmi1, bmi2, adx, avx512f, avx512dq, avx512cd, avx512bw, avx512vl, sha, fma, vzeroupper, avx512_vpopcntdq, avx512_vpclmulqdq, avx512_vaes, avx512_vnni, clflush, clflushopt, clwb, avx512_vbmi2, avx512_vbmi, hv

Memory: 4k page, system-wide physical 16064M (1466M free)
TotalPageFile size 32043M (AvailPageFile size 3M)
current process WorkingSet (physical memory assigned to process): 155M, peak: 155M
current process commit charge ("private bytes"): 404M, peak: 407M

vm_info: Java HotSpot(TM) 64-Bit Server VM (17.0.12+8-LTS-286) for windows-amd64 JRE (17.0.12+8-LTS-286), built on Jun  5 2024 06:46:59 by "mach5one" with MS VC++ 17.6 (VS2022)

END.
